build/app/intermediates/manifest_merge_blame_file/debug/processDebugMainManifest/manifest-merger-blame-debug-report.txt
1<?xml version="1.0" encoding="utf-8"?>
2<manifest xmlns:android="http://schemas.android.com/apk/res/android"
3    package="ru.kchdev.vapetoolbox"
4    android:versionCode="2"
5    android:versionName="1.1" >
6
7    <uses-sdk
8        android:minSdkVersion="21"
9        android:targetSdkVersion="31" />
10    <!--
11         The INTERNET permission is required for development. Specifically,
12         the Flutter tool needs it to communicate with the running application
13         to allow setting breakpoints, to provide hot reload, etc.
14    -->
15    <uses-permission android:name="android.permission.INTERNET" />
15-->src/debug/AndroidManifest.xml:6:5-66
15-->src/debug/AndroidManifest.xml:6:22-64
16    <uses-permission android:name="android.permission.RECEIVE_BOOT_COMPLETED" />
16-->src/main/AndroidManifest.xml:2:5-80
16-->src/main/AndroidManifest.xml:2:22-78
17    <uses-permission android:name="android.permission.VIBRATE" />
17-->src/main/AndroidManifest.xml:3:5-66
17-->src/main/AndroidManifest.xml:3:22-63
18    <uses-permission android:name="android.permission.USE_FULL_SCREEN_INTENT" />
18-->src/main/AndroidManifest.xml:4:5-81
18-->src/main/AndroidManifest.xml:4:22-78
19    <uses-permission android:name="android.permission.SCHEDULE_EXACT_ALARM" />
19-->src/main/AndroidManifest.xml:5:5-79
19-->src/main/AndroidManifest.xml:5:22-76
20    <uses-permission android:name="android.permission.POST_NOTIFICATIONS" />
20-->src/main/AndroidManifest.xml:6:5-76
20-->src/main/AndroidManifest.xml:6:22-74
21    <!--
22 Required to query activities that can process text, see:
23         https://developer.android.com/training/package-visibility and
24         https://developer.android.com/reference/android/content/Intent#ACTION_PROCESS_TEXT.
25
26         In particular, this is used by the Flutter engine in io.flutter.plugin.text.ProcessTextPlugin.
27    -->
28    <queries>
28-->src/main/AndroidManifest.xml:46:5-51:15
29        <intent>
29-->src/main/AndroidManifest.xml:47:9-50:18
30            <action android:name="android.intent.action.PROCESS_TEXT" />
30-->src/main/AndroidManifest.xml:48:13-72
30-->src/main/AndroidManifest.xml:48:21-70
31
32            <data android:mimeType="text/plain" />
32-->src/main/AndroidManifest.xml:49:13-50
32-->src/main/AndroidManifest.xml:49:19-48
33        </intent>
34    </queries>
35
36    <permission
36-->[androidx.core:core:1.13.1] AndroidManifest.xml:22:5-24:47
37        android:name="ru.kchdev.vapetoolbox.DYNAMIC_RECEIVER_NOT_EXPORTED_PERMISSION"
37-->[androidx.core:core:1.13.1] AndroidManifest.xml:23:9-81
38        android:protectionLevel="signature" />
38-->[androidx.core:core:1.13.1] AndroidManifest.xml:24:9-44
39
40    <uses-permission android:name="ru.kchdev.vapetoolbox.DYNAMIC_RECEIVER_NOT_EXPORTED_PERMISSION" /> <!-- Permission will be merged into the manifest of the hosting app. -->
40-->[androidx.core:core:1.13.1] AndroidManifest.xml:26:5-97
40-->[androidx.core:core:1.13.1] AndroidManifest.xml:26:22-94
41    <!-- Is required to launch foreground extraction service for targetSdkVersion 28+. -->
42    <uses-permission android:name="android.permission.FOREGROUND_SERVICE" />
42-->[com.google.android.play:core:1.10.3] AndroidManifest.xml:13:5-77
42-->[com.google.android.play:core:1.10.3] AndroidManifest.xml:13:22-74
43
44    <application
45        android:name="android.app.Application"
46        android:appComponentFactory="androidx.core.app.CoreComponentFactory"
46-->[androidx.core:core:1.13.1] AndroidManifest.xml:28:18-86
47        android:debuggable="true"
48        android:extractNativeLibs="true"
49        android:icon="@mipmap/ic_launcher"
50        android:label="@string/app_name" >
51        <activity
52            android:name="ru.kchdev.vapetoolbox.MainActivity"
53            android:configChanges="orientation|keyboardHidden|keyboard|screenSize|smallestScreenSize|locale|layoutDirection|fontScale|screenLayout|density|uiMode"
54            android:exported="true"
55            android:hardwareAccelerated="true"
56            android:launchMode="singleTop"
57            android:taskAffinity=""
58            android:theme="@style/LaunchTheme"
59            android:windowSoftInputMode="adjustResize" >
60
61            <!--
62                 Specifies an Android theme to apply to this Activity as soon as
63                 the Android process has started. This theme is visible to the user
64                 while the Flutter UI initializes. After that, this theme continues
65                 to determine the Window background behind the Flutter UI.
66            -->
67            <meta-data
68                android:name="io.flutter.embedding.android.NormalTheme"
69                android:resource="@style/NormalTheme" />
70
71            <intent-filter>
72                <action android:name="android.intent.action.MAIN" />
73
74                <category android:name="android.intent.category.LAUNCHER" />
75            </intent-filter>
76        </activity>
77        <!--
78             Don't delete the meta-data below.
79             This is used by the Flutter tool to generate GeneratedPluginRegistrant.java
80        -->
81        <meta-data
82            android:name="flutterEmbedding"
83            android:value="2" />
84        <!-- Remove the receiver -->
85        <activity
85-->[:url_launcher_android] AndroidManifest.xml:8:9-11:74
86            android:name="io.flutter.plugins.urllauncher.WebViewActivity"
86-->[:url_launcher_android] AndroidManifest.xml:9:13-74
87            android:exported="false"
87-->[:url_launcher_android] AndroidManifest.xml:10:13-37
88            android:theme="@android:style/Theme.NoTitleBar.Fullscreen" />
88-->[:url_launcher_android] AndroidManifest.xml:11:13-71
89
90        <uses-library
90-->[androidx.window:window:1.2.0] AndroidManifest.xml:23:9-25:40
91            android:name="androidx.window.extensions"
91-->[androidx.window:window:1.2.0] AndroidManifest.xml:24:13-54
92            android:required="false" />
92-->[androidx.window:window:1.2.0] AndroidManifest.xml:25:13-37
93        <uses-library
93-->[androidx.window:window:1.2.0] AndroidManifest.xml:26:9-28:40
94            android:name="androidx.window.sidecar"
94-->[androidx.window:window:1.2.0] AndroidManifest.xml:27:13-51
95            android:required="false" />
95-->[androidx.window:window:1.2.0] AndroidManifest.xml:28:13-37
96
97        <provider
97-->[androidx.emoji2:emoji2:1.2.0] AndroidManifest.xml:24:9-32:20
98            android:name="androidx.startup.InitializationProvider"
98-->[androidx.emoji2:emoji2:1.2.0] AndroidManifest.xml:25:13-67
99            android:authorities="ru.kchdev.vapetoolbox.androidx-startup"
99-->[androidx.emoji2:emoji2:1.2.0] AndroidManifest.xml:26:13-68
100            android:exported="false" >
100-->[androidx.emoji2:emoji2:1.2.0] AndroidManifest.xml:27:13-37
101            <meta-data
101-->[androidx.emoji2:emoji2:1.2.0] AndroidManifest.xml:29:13-31:52
102                android:name="androidx.emoji2.text.EmojiCompatInitializer"
102-->[androidx.emoji2:emoji2:1.2.0] AndroidManifest.xml:30:17-75
103                android:value="androidx.startup" />
103-->[androidx.emoji2:emoji2:1.2.0] AndroidManifest.xml:31:17-49
104            <meta-data
104-->[androidx.lifecycle:lifecycle-process:2.7.0] AndroidManifest.xml:29:13-31:52
105                android:name="androidx.lifecycle.ProcessLifecycleInitializer"
105-->[androidx.lifecycle:lifecycle-process:2.7.0] AndroidManifest.xml:30:17-78
106                android:value="androidx.startup" />
106-->[androidx.lifecycle:lifecycle-process:2.7.0] AndroidManifest.xml:31:17-49
107            <meta-data
107-->[androidx.profileinstaller:profileinstaller:1.3.1] AndroidManifest.xml:29:13-31:52
108                android:name="androidx.profileinstaller.ProfileInstallerInitializer"
108-->[androidx.profileinstaller:profileinstaller:1.3.1] AndroidManifest.xml:30:17-85
109                android:value="androidx.startup" />
109-->[androidx.profileinstaller:profileinstaller:1.3.1] AndroidManifest.xml:31:17-49
110        </provider>
111
112        <receiver
112-->[androidx.profileinstaller:profileinstaller:1.3.1] AndroidManifest.xml:34:9-52:20
113            android:name="androidx.profileinstaller.ProfileInstallReceiver"
113-->[androidx.profileinstaller:profileinstaller:1.3.1] AndroidManifest.xml:35:13-76
114            android:directBootAware="false"
114-->[androidx.profileinstaller:profileinstaller:1.3.1] AndroidManifest.xml:36:13-44
115            android:enabled="true"
115-->[androidx.profileinstaller:profileinstaller:1.3.1] AndroidManifest.xml:37:13-35
116            android:exported="true"
116-->[androidx.profileinstaller:profileinstaller:1.3.1] AndroidManifest.xml:38:13-36
117            android:permission="android.permission.DUMP" >
117-->[androidx.profileinstaller:profileinstaller:1.3.1] AndroidManifest.xml:39:13-57
118            <intent-filter>
118-->[androidx.profileinstaller:profileinstaller:1.3.1] AndroidManifest.xml:40:13-42:29
119                <action android:name="androidx.profileinstaller.action.INSTALL_PROFILE" />
119-->[androidx.profileinstaller:profileinstaller:1.3.1] AndroidManifest.xml:41:17-91
119-->[androidx.profileinstaller:profileinstaller:1.3.1] AndroidManifest.xml:41:25-88
120            </intent-filter>
121            <intent-filter>
121-->[androidx.profileinstaller:profileinstaller:1.3.1] AndroidManifest.xml:43:13-45:29
122                <action android:name="androidx.profileinstaller.action.SKIP_FILE" />
122-->[androidx.profileinstaller:profileinstaller:1.3.1] AndroidManifest.xml:44:17-85
122-->[androidx.profileinstaller:profileinstaller:1.3.1] AndroidManifest.xml:44:25-82
123            </intent-filter>
124            <intent-filter>
124-->[androidx.profileinstaller:profileinstaller:1.3.1] AndroidManifest.xml:46:13-48:29
125                <action android:name="androidx.profileinstaller.action.SAVE_PROFILE" />
125-->[androidx.profileinstaller:profileinstaller:1.3.1] AndroidManifest.xml:47:17-88
125-->[androidx.profileinstaller:profileinstaller:1.3.1] AndroidManifest.xml:47:25-85
126            </intent-filter>
127            <intent-filter>
127-->[androidx.profileinstaller:profileinstaller:1.3.1] AndroidManifest.xml:49:13-51:29
128                <action android:name="androidx.profileinstaller.action.BENCHMARK_OPERATION" />
128-->[androidx.profileinstaller:profileinstaller:1.3.1] AndroidManifest.xml:50:17-95
128-->[androidx.profileinstaller:profileinstaller:1.3.1] AndroidManifest.xml:50:25-92
129            </intent-filter>
130        </receiver> <!-- The activities will be merged into the manifest of the hosting app. -->
131        <activity
131-->[com.google.android.play:core:1.10.3] AndroidManifest.xml:18:9-24:45
132            android:name="com.google.android.play.core.missingsplits.PlayCoreMissingSplitsActivity"
132-->[com.google.android.play:core:1.10.3] AndroidManifest.xml:19:13-100
133            android:enabled="false"
133-->[com.google.android.play:core:1.10.3] AndroidManifest.xml:20:13-36
134            android:exported="false"
134-->[com.google.android.play:core:1.10.3] AndroidManifest.xml:21:13-37
135            android:launchMode="singleInstance"
135-->[com.google.android.play:core:1.10.3] AndroidManifest.xml:22:13-48
136            android:process=":playcore_missing_splits_activity"
136-->[com.google.android.play:core:1.10.3] AndroidManifest.xml:23:13-64
137            android:stateNotNeeded="true" />
137-->[com.google.android.play:core:1.10.3] AndroidManifest.xml:24:13-42
138        <activity
138-->[com.google.android.play:core:1.10.3] AndroidManifest.xml:25:9-29:65
139            android:name="com.google.android.play.core.common.PlayCoreDialogWrapperActivity"
139-->[com.google.android.play:core:1.10.3] AndroidManifest.xml:26:13-93
140            android:exported="false"
140-->[com.google.android.play:core:1.10.3] AndroidManifest.xml:27:13-37
141            android:stateNotNeeded="true"
141-->[com.google.android.play:core:1.10.3] AndroidManifest.xml:28:13-42
142            android:theme="@style/Theme.PlayCore.Transparent" /> <!-- The services will be merged into the manifest of the hosting app. -->
142-->[com.google.android.play:core:1.10.3] AndroidManifest.xml:29:13-62
143        <service
143-->[com.google.android.play:core:1.10.3] AndroidManifest.xml:32:9-39:19
144            android:name="com.google.android.play.core.assetpacks.AssetPackExtractionService"
144-->[com.google.android.play:core:1.10.3] AndroidManifest.xml:33:13-94
145            android:enabled="false"
145-->[com.google.android.play:core:1.10.3] AndroidManifest.xml:34:13-36
146            android:exported="true" >
146-->[com.google.android.play:core:1.10.3] AndroidManifest.xml:35:13-36
147            <meta-data
147-->[com.google.android.play:core:1.10.3] AndroidManifest.xml:36:13-38:41
148                android:name="com.google.android.play.core.assetpacks.versionCode"
148-->[com.google.android.play:core:1.10.3] AndroidManifest.xml:37:17-83
149                android:value="11003" />
149-->[com.google.android.play:core:1.10.3] AndroidManifest.xml:38:17-38
150        </service>
151        <service
151-->[com.google.android.play:core:1.10.3] AndroidManifest.xml:40:9-43:40
152            android:name="com.google.android.play.core.assetpacks.ExtractionForegroundService"
152-->[com.google.android.play:core:1.10.3] AndroidManifest.xml:41:13-95
153            android:enabled="false"
153-->[com.google.android.play:core:1.10.3] AndroidManifest.xml:42:13-36
154            android:exported="false" />
154-->[com.google.android.play:core:1.10.3] AndroidManifest.xml:43:13-37
155    </application>
156
157</manifest>